[0m15:17:58.599168 [debug] [MainThread]: Sending event: {'category': 'dbt', 'action': 'invocation', 'label': 'start', 'context': [<snowplow_tracker.self_describing_json.SelfDescribingJson object at 0x00000215A7190E10>, <snowplow_tracker.self_describing_json.SelfDescribingJson object at 0x00000215A711BD90>, <snowplow_tracker.self_describing_json.SelfDescribingJson object at 0x00000215A711B310>]}


============================== 15:17:58.599168 | 3dac9d65-5c2d-4d53-86a5-7c26a05217ea ==============================
[0m15:17:58.599168 [info ] [MainThread]: Running with dbt=1.7.4
[0m15:17:58.599168 [debug] [MainThread]: running dbt with arguments {'printer_width': '80', 'indirect_selection': 'eager', 'write_json': 'True', 'log_cache_events': 'False', 'partial_parse': 'True', 'cache_selected_only': 'False', 'profiles_dir': 'C:\\Users\\JLopez.SOLIDIATECH\\.dbt', 'version_check': 'True', 'warn_error': 'None', 'log_path': 'logs', 'fail_fast': 'False', 'debug': 'False', 'use_colors': 'True', 'use_experimental_parser': 'False', 'no_print': 'None', 'quiet': 'False', 'warn_error_options': 'WarnErrorOptions(include=[], exclude=[])', 'introspect': 'True', 'static_parser': 'True', 'invocation_command': 'dbt compile', 'target_path': 'None', 'log_format': 'default', 'send_anonymous_usage_stats': 'True'}
[0m15:17:58.599168 [error] [MainThread]: Encountered an error:
Runtime Error
  No dbt_project.yml found at expected path C:\Users\JLopez.SOLIDIATECH\de_projects\noaa_eda\dbt_project.yml
  Verify that each entry within packages.yml (and their transitive dependencies) contains a file named dbt_project.yml
  
[0m15:17:58.599168 [debug] [MainThread]: Command `dbt compile` failed at 15:17:58.599168 after 0.07 seconds
[0m15:17:58.599168 [debug] [MainThread]: Sending event: {'category': 'dbt', 'action': 'invocation', 'label': 'end', 'context': [<snowplow_tracker.self_describing_json.SelfDescribingJson object at 0x00000215A7134B50>, <snowplow_tracker.self_describing_json.SelfDescribingJson object at 0x00000215A719F4D0>, <snowplow_tracker.self_describing_json.SelfDescribingJson object at 0x00000215A0090DD0>]}
[0m15:17:58.599168 [debug] [MainThread]: Flushing usage events
[0m17:03:31.604420 [debug] [MainThread]: Sending event: {'category': 'dbt', 'action': 'invocation', 'label': 'start', 'context': [<snowplow_tracker.self_describing_json.SelfDescribingJson object at 0x000002CD3831C610>, <snowplow_tracker.self_describing_json.SelfDescribingJson object at 0x000002CD38305010>, <snowplow_tracker.self_describing_json.SelfDescribingJson object at 0x000002CD38316090>]}


============================== 17:03:31.608529 | 2eb4380b-755d-4bc4-8e2e-5dc7a5a63f4e ==============================
[0m17:03:31.608529 [info ] [MainThread]: Running with dbt=1.7.4
[0m17:03:31.609421 [debug] [MainThread]: running dbt with arguments {'printer_width': '80', 'indirect_selection': 'eager', 'write_json': 'True', 'log_cache_events': 'False', 'partial_parse': 'True', 'cache_selected_only': 'False', 'warn_error': 'None', 'fail_fast': 'False', 'version_check': 'True', 'log_path': 'logs', 'debug': 'False', 'profiles_dir': 'C:\\Users\\JLopez.SOLIDIATECH\\.dbt', 'use_colors': 'True', 'use_experimental_parser': 'False', 'no_print': 'None', 'quiet': 'False', 'warn_error_options': 'WarnErrorOptions(include=[], exclude=[])', 'invocation_command': 'dbt run --select stg_noaa__catches', 'log_format': 'default', 'static_parser': 'True', 'target_path': 'None', 'introspect': 'True', 'send_anonymous_usage_stats': 'True'}
[0m17:03:31.610421 [error] [MainThread]: Encountered an error:
Runtime Error
  No dbt_project.yml found at expected path C:\Users\JLopez.SOLIDIATECH\de_projects\noaa_eda\dbt_project.yml
  Verify that each entry within packages.yml (and their transitive dependencies) contains a file named dbt_project.yml
  
[0m17:03:31.611420 [debug] [MainThread]: Command `dbt run` failed at 17:03:31.611420 after 0.07 seconds
[0m17:03:31.612421 [debug] [MainThread]: Sending event: {'category': 'dbt', 'action': 'invocation', 'label': 'end', 'context': [<snowplow_tracker.self_describing_json.SelfDescribingJson object at 0x000002CD312A0CD0>, <snowplow_tracker.self_describing_json.SelfDescribingJson object at 0x000002CD37A44550>, <snowplow_tracker.self_describing_json.SelfDescribingJson object at 0x000002CD3132D810>]}
[0m17:03:31.612421 [debug] [MainThread]: Flushing usage events
